Arguments: 
  /Users/angel/.npm/n/bin/node /Users/angel/.npm/node_modules/bin/yarn init

PATH: 
  /Users/angel/.docker/bin:/Users/angel/.rvm/gems/ruby-3.0.0/bin:/Users/angel/.rvm/gems/ruby-3.0.0@global/bin:/Users/angel/.rvm/rubies/ruby-3.0.0/bin:/Users/angel/.npm/n/bin:/Users/angel/.npm/node_modules/bin:/usr/local/bin:/usr/local/sbin:/usr/bin:/bin:/usr/sbin:/sbin:/Users/angel/bin/:/Users/angel/.rvm/bin

Yarn version: 
  1.22.19

Node version: 
  18.12.1

Platform: 
  darwin x64

Trace: 
  Error: canceled
      at Interface.<anonymous> (/Users/angel/.npm/node_modules/lib/node_modules/yarn/lib/cli.js:137150:13)
      at Interface.emit (node:events:513:28)
      at [_ttyWrite] [as _ttyWrite] (node:internal/readline/interface:1124:18)
      at ReadStream.onkeypress (node:internal/readline/interface:273:20)
      at ReadStream.emit (node:events:513:28)
      at emitKeys (node:internal/readline/utils:357:14)
      at emitKeys.next (<anonymous>)
      at ReadStream.onData (node:internal/readline/emitKeypressEvents:64:36)
      at ReadStream.emit (node:events:513:28)
      at addChunk (node:internal/streams/readable:324:12)

npm manifest: 
  No manifest

yarn manifest: 
  No manifest

Lockfile: 
  No lockfile
